<?xml version="1.0" encoding="UTF-8"?>
<coverage generated="1767342304808" clover="3.2.0">
  <project timestamp="1767342304808" name="All files">
    <metrics statements="72" coveredstatements="72" conditionals="87" coveredconditionals="85" methods="10" coveredmethods="10" elements="169" coveredelements="167" complexity="0" loc="72" ncloc="72" packages="1" files="3" classes="3"/>
    <file name="converter.js" path="/app/lib/converter.js">
      <metrics statements="21" coveredstatements="21" conditionals="11" coveredconditionals="11" methods="3" coveredmethods="3"/>
      <line num="1" count="1" type="stmt"/>
      <line num="2" count="1" type="stmt"/>
      <line num="3" count="1" type="stmt"/>
      <line num="4" count="1" type="stmt"/>
      <line num="19" count="24" type="stmt"/>
      <line num="22" count="24" type="stmt"/>
      <line num="32" count="24" type="stmt"/>
      <line num="36" count="24" type="stmt"/>
      <line num="42" count="24" type="stmt"/>
      <line num="58" count="5" type="cond" truecount="2" falsecount="0"/>
      <line num="59" count="1" type="stmt"/>
      <line num="62" count="4" type="stmt"/>
      <line num="63" count="4" type="stmt"/>
      <line num="66" count="4" type="cond" truecount="2" falsecount="0"/>
      <line num="67" count="3" type="stmt"/>
      <line num="68" count="3" type="stmt"/>
      <line num="70" count="5" type="stmt"/>
      <line num="74" count="4" type="stmt"/>
      <line num="76" count="4" type="stmt"/>
      <line num="78" count="4" type="stmt"/>
      <line num="81" count="1" type="stmt"/>
    </file>
    <file name="pdf-generator.js" path="/app/lib/pdf-generator.js">
      <metrics statements="38" coveredstatements="38" conditionals="28" coveredconditionals="26" methods="3" coveredmethods="3"/>
      <line num="1" count="1" type="stmt"/>
      <line num="2" count="1" type="stmt"/>
      <line num="3" count="1" type="stmt"/>
      <line num="5" count="1" type="stmt"/>
      <line num="12" count="4" type="stmt"/>
      <line num="28" count="4" type="stmt"/>
      <line num="29" count="32" type="stmt"/>
      <line num="31" count="4" type="cond" truecount="2" falsecount="0"/>
      <line num="32" count="2" type="stmt"/>
      <line num="36" count="2" type="stmt"/>
      <line num="37" count="2" type="cond" truecount="1" falsecount="1"/>
      <line num="38" count="2" type="stmt"/>
      <line num="45" count="1" type="cond" truecount="1" falsecount="1"/>
      <line num="46" count="1" type="stmt"/>
      <line num="52" count="1" type="stmt"/>
      <line num="70" count="8" type="stmt"/>
      <line num="72" count="8" type="stmt"/>
      <line num="74" count="8" type="cond" truecount="2" falsecount="0"/>
      <line num="75" count="1" type="stmt"/>
      <line num="78" count="7" type="cond" truecount="2" falsecount="0"/>
      <line num="79" count="1" type="stmt"/>
      <line num="84" count="6" type="stmt"/>
      <line num="87" count="6" type="stmt"/>
      <line num="96" count="6" type="cond" truecount="2" falsecount="0"/>
      <line num="97" count="1" type="stmt"/>
      <line num="101" count="6" type="cond" truecount="6" falsecount="0"/>
      <line num="102" count="1" type="stmt"/>
      <line num="106" count="6" type="stmt"/>
      <line num="109" count="6" type="stmt"/>
      <line num="113" count="6" type="stmt"/>
      <line num="114" count="6" type="stmt"/>
      <line num="116" count="5" type="cond" truecount="2" falsecount="0"/>
      <line num="117" count="1" type="stmt"/>
      <line num="120" count="4" type="stmt"/>
      <line num="122" count="2" type="stmt"/>
      <line num="126" count="1" type="stmt"/>
      <line num="127" count="1" type="stmt"/>
      <line num="129" count="1" type="stmt"/>
    </file>
    <file name="template.js" path="/app/lib/template.js">
      <metrics statements="13" coveredstatements="13" conditionals="48" coveredconditionals="48" methods="4" coveredmethods="4"/>
      <line num="2" count="40" type="stmt"/>
      <line num="9" count="40" type="stmt"/>
      <line num="13" count="61" type="stmt"/>
      <line num="16" count="61" type="stmt"/>
      <line num="20" count="61" type="stmt"/>
      <line num="21" count="61" type="stmt"/>
      <line num="22" count="61" type="stmt"/>
      <line num="23" count="61" type="stmt"/>
      <line num="25" count="61" type="stmt"/>
      <line num="301" count="40" type="stmt"/>
      <line num="303" count="40" type="cond" truecount="2" falsecount="0"/>
      <line num="305" count="40" type="stmt"/>
      <line num="377" count="2" type="stmt"/>
    </file>
  </project>
</coverage>
