<?xml version="1.0" encoding="UTF-8"?>
<coverage generated="1767287579607" clover="3.2.0">
  <project timestamp="1767287579607" name="All files">
    <metrics statements="74" coveredstatements="69" conditionals="87" coveredconditionals="84" methods="9" coveredmethods="9" elements="170" coveredelements="162" complexity="0" loc="74" ncloc="74" packages="1" files="4" classes="4"/>
    <file name="converter.js" path="/app/lib/converter.js">
      <metrics statements="20" coveredstatements="20" conditionals="11" coveredconditionals="11" methods="3" coveredmethods="3"/>
      <line num="1" count="1" type="stmt"/>
      <line num="2" count="1" type="stmt"/>
      <line num="3" count="1" type="stmt"/>
      <line num="4" count="1" type="stmt"/>
      <line num="19" count="24" type="stmt"/>
      <line num="22" count="24" type="stmt"/>
      <line num="32" count="24" type="stmt"/>
      <line num="36" count="24" type="stmt"/>
      <line num="42" count="24" type="stmt"/>
      <line num="58" count="5" type="cond" truecount="2" falsecount="0"/>
      <line num="59" count="1" type="stmt"/>
      <line num="62" count="4" type="stmt"/>
      <line num="65" count="4" type="cond" truecount="2" falsecount="0"/>
      <line num="66" count="3" type="stmt"/>
      <line num="67" count="3" type="stmt"/>
      <line num="69" count="5" type="stmt"/>
      <line num="73" count="4" type="stmt"/>
      <line num="75" count="4" type="stmt"/>
      <line num="77" count="4" type="stmt"/>
      <line num="80" count="1" type="stmt"/>
    </file>
    <file name="index.js" path="/app/lib/index.js">
      <metrics statements="4" coveredstatements="0" conditionals="0" coveredconditionals="0" methods="0" coveredmethods="0"/>
      <line num="1" count="0" type="stmt"/>
      <line num="2" count="0" type="stmt"/>
      <line num="3" count="0" type="stmt"/>
      <line num="5" count="0" type="stmt"/>
    </file>
    <file name="pdf-generator.js" path="/app/lib/pdf-generator.js">
      <metrics statements="37" coveredstatements="36" conditionals="28" coveredconditionals="25" methods="2" coveredmethods="2"/>
      <line num="1" count="1" type="stmt"/>
      <line num="2" count="1" type="stmt"/>
      <line num="3" count="1" type="stmt"/>
      <line num="5" count="1" type="stmt"/>
      <line num="12" count="4" type="stmt"/>
      <line num="28" count="4" type="stmt"/>
      <line num="29" count="32" type="cond" truecount="2" falsecount="0"/>
      <line num="30" count="2" type="stmt"/>
      <line num="35" count="2" type="stmt"/>
      <line num="36" count="2" type="cond" truecount="1" falsecount="1"/>
      <line num="37" count="2" type="stmt"/>
      <line num="44" count="1" type="cond" truecount="1" falsecount="1"/>
      <line num="45" count="1" type="stmt"/>
      <line num="51" count="1" type="stmt"/>
      <line num="69" count="7" type="stmt"/>
      <line num="71" count="7" type="stmt"/>
      <line num="73" count="7" type="cond" truecount="2" falsecount="0"/>
      <line num="74" count="1" type="stmt"/>
      <line num="77" count="6" type="cond" truecount="2" falsecount="0"/>
      <line num="78" count="1" type="stmt"/>
      <line num="83" count="5" type="stmt"/>
      <line num="86" count="5" type="stmt"/>
      <line num="95" count="5" type="cond" truecount="2" falsecount="0"/>
      <line num="96" count="1" type="stmt"/>
      <line num="100" count="5" type="cond" truecount="5" falsecount="1"/>
      <line num="101" count="0" type="stmt"/>
      <line num="105" count="5" type="stmt"/>
      <line num="108" count="5" type="stmt"/>
      <line num="112" count="5" type="stmt"/>
      <line num="113" count="5" type="stmt"/>
      <line num="115" count="4" type="cond" truecount="2" falsecount="0"/>
      <line num="116" count="1" type="stmt"/>
      <line num="119" count="3" type="stmt"/>
      <line num="121" count="2" type="stmt"/>
      <line num="125" count="1" type="stmt"/>
      <line num="126" count="1" type="stmt"/>
      <line num="128" count="1" type="stmt"/>
    </file>
    <file name="template.js" path="/app/lib/template.js">
      <metrics statements="13" coveredstatements="13" conditionals="48" coveredconditionals="48" methods="4" coveredmethods="4"/>
      <line num="14" count="40" type="stmt"/>
      <line num="16" count="40" type="cond" truecount="2" falsecount="0"/>
      <line num="18" count="40" type="stmt"/>
      <line num="91" count="61" type="stmt"/>
      <line num="94" count="61" type="stmt"/>
      <line num="98" count="61" type="stmt"/>
      <line num="99" count="61" type="stmt"/>
      <line num="100" count="61" type="stmt"/>
      <line num="101" count="61" type="stmt"/>
      <line num="103" count="61" type="stmt"/>
      <line num="367" count="40" type="stmt"/>
      <line num="374" count="40" type="stmt"/>
      <line num="377" count="2" type="stmt"/>
    </file>
  </project>
</coverage>
