{"/app/lib/converter.js": {"path":"/app/lib/converter.js","statementMap":{"0":{"start":{"line":1,"column":11},"end":{"line":1,"column":24}},"1":{"start":{"line":2,"column":13},"end":{"line":2,"column":28}},"2":{"start":{"line":3,"column":19},"end":{"line":3,"column":36}},"3":{"start":{"line":4,"column":28},"end":{"line":4,"column":49}},"4":{"start":{"line":19,"column":6},"end":{"line":19,"column":13}},"5":{"start":{"line":22,"column":2},"end":{"line":29,"column":5}},"6":{"start":{"line":32,"column":20},"end":{"line":32,"column":42}},"7":{"start":{"line":36,"column":2},"end":{"line":39,"column":4}},"8":{"start":{"line":42,"column":2},"end":{"line":48,"column":5}},"9":{"start":{"line":58,"column":2},"end":{"line":60,"column":3}},"10":{"start":{"line":59,"column":4},"end":{"line":59,"column":58}},"11":{"start":{"line":62,"column":19},"end":{"line":62,"column":53}},"12":{"start":{"line":63,"column":20},"end":{"line":63,"column":34}},"13":{"start":{"line":66,"column":2},"end":{"line":72,"column":3}},"14":{"start":{"line":67,"column":21},"end":{"line":67,"column":52}},"15":{"start":{"line":68,"column":4},"end":{"line":71,"column":17}},"16":{"start":{"line":70,"column":21},"end":{"line":70,"column":65}},"17":{"start":{"line":74,"column":15},"end":{"line":74,"column":50}},"18":{"start":{"line":76,"column":2},"end":{"line":76,"column":45}},"19":{"start":{"line":78,"column":2},"end":{"line":78,"column":20}},"20":{"start":{"line":81,"column":0},"end":{"line":84,"column":2}}},"fnMap":{"0":{"name":"markdownToHtml","decl":{"start":{"line":12,"column":9},"end":{"line":12,"column":23}},"loc":{"start":{"line":12,"column":48},"end":{"line":49,"column":1}},"line":12},"1":{"name":"convertMarkdownFile","decl":{"start":{"line":57,"column":9},"end":{"line":57,"column":28}},"loc":{"start":{"line":57,"column":66},"end":{"line":79,"column":1}},"line":57},"2":{"name":"(anonymous_2)","decl":{"start":{"line":70,"column":11},"end":{"line":70,"column":12}},"loc":{"start":{"line":70,"column":21},"end":{"line":70,"column":65}},"line":70}},"branchMap":{"0":{"loc":{"start":{"line":12,"column":34},"end":{"line":12,"column":46}},"type":"default-arg","locations":[{"start":{"line":12,"column":44},"end":{"line":12,"column":46}}],"line":12},"1":{"loc":{"start":{"line":14,"column":4},"end":{"line":14,"column":22}},"type":"default-arg","locations":[{"start":{"line":14,"column":12},"end":{"line":14,"column":22}}],"line":14},"2":{"loc":{"start":{"line":15,"column":4},"end":{"line":15,"column":21}},"type":"default-arg","locations":[{"start":{"line":15,"column":12},"end":{"line":15,"column":21}}],"line":15},"3":{"loc":{"start":{"line":16,"column":4},"end":{"line":16,"column":24}},"type":"default-arg","locations":[{"start":{"line":16,"column":20},"end":{"line":16,"column":24}}],"line":16},"4":{"loc":{"start":{"line":17,"column":4},"end":{"line":17,"column":29}},"type":"default-arg","locations":[{"start":{"line":17,"column":25},"end":{"line":17,"column":29}}],"line":17},"5":{"loc":{"start":{"line":18,"column":4},"end":{"line":18,"column":20}},"type":"default-arg","locations":[{"start":{"line":18,"column":19},"end":{"line":18,"column":20}}],"line":18},"6":{"loc":{"start":{"line":57,"column":52},"end":{"line":57,"column":64}},"type":"default-arg","locations":[{"start":{"line":57,"column":62},"end":{"line":57,"column":64}}],"line":57},"7":{"loc":{"start":{"line":58,"column":2},"end":{"line":60,"column":3}},"type":"if","locations":[{"start":{"line":58,"column":2},"end":{"line":60,"column":3}},{"start":{},"end":{}}],"line":58},"8":{"loc":{"start":{"line":66,"column":2},"end":{"line":72,"column":3}},"type":"if","locations":[{"start":{"line":66,"column":2},"end":{"line":72,"column":3}},{"start":{},"end":{}}],"line":66}},"s":{"0":1,"1":1,"2":1,"3":1,"4":24,"5":24,"6":24,"7":24,"8":24,"9":5,"10":1,"11":4,"12":4,"13":4,"14":3,"15":3,"16":5,"17":4,"18":4,"19":4,"20":1},"f":{"0":24,"1":5,"2":5},"b":{"0":[11],"1":[18],"2":[21],"3":[23],"4":[23],"5":[20],"6":[3],"7":[1,4],"8":[3,1]},"_coverageSchema":"1a1c01bbd47fc00a2c39e90264f33305004495a9","hash":"9d91a8043a1e9207bda0eabbe5a2eaf7a343364f"}
,"/app/lib/pdf-generator.js": {"path":"/app/lib/pdf-generator.js","statementMap":{"0":{"start":{"line":1,"column":11},"end":{"line":1,"column":24}},"1":{"start":{"line":2,"column":13},"end":{"line":2,"column":28}},"2":{"start":{"line":3,"column":21},"end":{"line":3,"column":45}},"3":{"start":{"line":5,"column":21},"end":{"line":5,"column":23}},"4":{"start":{"line":12,"column":24},"end":{"line":26,"column":19}},"5":{"start":{"line":28,"column":20},"end":{"line":30,"column":3}},"6":{"start":{"line":29,"column":4},"end":{"line":29,"column":29}},"7":{"start":{"line":31,"column":2},"end":{"line":33,"column":3}},"8":{"start":{"line":32,"column":4},"end":{"line":32,"column":21}},"9":{"start":{"line":36,"column":2},"end":{"line":50,"column":3}},"10":{"start":{"line":37,"column":18},"end":{"line":37,"column":66}},"11":{"start":{"line":38,"column":19},"end":{"line":43,"column":12}},"12":{"start":{"line":45,"column":4},"end":{"line":47,"column":5}},"13":{"start":{"line":46,"column":6},"end":{"line":46,"column":35}},"14":{"start":{"line":52,"column":2},"end":{"line":52,"column":14}},"15":{"start":{"line":70,"column":6},"end":{"line":70,"column":13}},"16":{"start":{"line":72,"column":28},"end":{"line":72,"column":51}},"17":{"start":{"line":74,"column":2},"end":{"line":76,"column":3}},"18":{"start":{"line":75,"column":4},"end":{"line":75,"column":66}},"19":{"start":{"line":78,"column":2},"end":{"line":82,"column":3}},"20":{"start":{"line":79,"column":4},"end":{"line":81,"column":6}},"21":{"start":{"line":84,"column":29},"end":{"line":84,"column":53}},"22":{"start":{"line":87,"column":15},"end":{"line":94,"column":3}},"23":{"start":{"line":96,"column":2},"end":{"line":98,"column":3}},"24":{"start":{"line":97,"column":4},"end":{"line":97,"column":29}},"25":{"start":{"line":101,"column":2},"end":{"line":103,"column":3}},"26":{"start":{"line":102,"column":4},"end":{"line":102,"column":42}},"27":{"start":{"line":106,"column":2},"end":{"line":106,"column":45}},"28":{"start":{"line":109,"column":18},"end":{"line":111,"column":5}},"29":{"start":{"line":113,"column":2},"end":{"line":123,"column":3}},"30":{"start":{"line":114,"column":4},"end":{"line":114,"column":57}},"31":{"start":{"line":116,"column":4},"end":{"line":118,"column":5}},"32":{"start":{"line":117,"column":6},"end":{"line":117,"column":45}},"33":{"start":{"line":120,"column":4},"end":{"line":120,"column":30}},"34":{"start":{"line":122,"column":4},"end":{"line":122,"column":64}},"35":{"start":{"line":126,"column":0},"end":{"line":126,"column":37}},"36":{"start":{"line":127,"column":0},"end":{"line":127,"column":35}},"37":{"start":{"line":129,"column":0},"end":{"line":129,"column":30}}},"fnMap":{"0":{"name":"findChrome","decl":{"start":{"line":11,"column":9},"end":{"line":11,"column":19}},"loc":{"start":{"line":11,"column":22},"end":{"line":53,"column":1}},"line":11},"1":{"name":"(anonymous_1)","decl":{"start":{"line":28,"column":39},"end":{"line":28,"column":40}},"loc":{"start":{"line":29,"column":4},"end":{"line":29,"column":29}},"line":29},"2":{"name":"htmlToPdf","decl":{"start":{"line":61,"column":9},"end":{"line":61,"column":18}},"loc":{"start":{"line":61,"column":56},"end":{"line":124,"column":1}},"line":61}},"branchMap":{"0":{"loc":{"start":{"line":31,"column":2},"end":{"line":33,"column":3}},"type":"if","locations":[{"start":{"line":31,"column":2},"end":{"line":33,"column":3}},{"start":{},"end":{}}],"line":31},"1":{"loc":{"start":{"line":37,"column":18},"end":{"line":37,"column":66}},"type":"cond-expr","locations":[{"start":{"line":37,"column":49},"end":{"line":37,"column":56}},{"start":{"line":37,"column":59},"end":{"line":37,"column":66}}],"line":37},"2":{"loc":{"start":{"line":45,"column":4},"end":{"line":47,"column":5}},"type":"if","locations":[{"start":{"line":45,"column":4},"end":{"line":47,"column":5}},{"start":{},"end":{}}],"line":45},"3":{"loc":{"start":{"line":61,"column":42},"end":{"line":61,"column":54}},"type":"default-arg","locations":[{"start":{"line":61,"column":52},"end":{"line":61,"column":54}}],"line":61},"4":{"loc":{"start":{"line":63,"column":4},"end":{"line":63,"column":42}},"type":"default-arg","locations":[{"start":{"line":63,"column":17},"end":{"line":63,"column":42}}],"line":63},"5":{"loc":{"start":{"line":64,"column":4},"end":{"line":64,"column":19}},"type":"default-arg","locations":[{"start":{"line":64,"column":15},"end":{"line":64,"column":19}}],"line":64},"6":{"loc":{"start":{"line":65,"column":4},"end":{"line":65,"column":21}},"type":"default-arg","locations":[{"start":{"line":65,"column":16},"end":{"line":65,"column":21}}],"line":65},"7":{"loc":{"start":{"line":66,"column":4},"end":{"line":66,"column":17}},"type":"default-arg","locations":[{"start":{"line":66,"column":16},"end":{"line":66,"column":17}}],"line":66},"8":{"loc":{"start":{"line":67,"column":4},"end":{"line":67,"column":20}},"type":"default-arg","locations":[{"start":{"line":67,"column":19},"end":{"line":67,"column":20}}],"line":67},"9":{"loc":{"start":{"line":68,"column":4},"end":{"line":68,"column":18}},"type":"default-arg","locations":[{"start":{"line":68,"column":17},"end":{"line":68,"column":18}}],"line":68},"10":{"loc":{"start":{"line":69,"column":4},"end":{"line":69,"column":19}},"type":"default-arg","locations":[{"start":{"line":69,"column":18},"end":{"line":69,"column":19}}],"line":69},"11":{"loc":{"start":{"line":74,"column":2},"end":{"line":76,"column":3}},"type":"if","locations":[{"start":{"line":74,"column":2},"end":{"line":76,"column":3}},{"start":{},"end":{}}],"line":74},"12":{"loc":{"start":{"line":78,"column":2},"end":{"line":82,"column":3}},"type":"if","locations":[{"start":{"line":78,"column":2},"end":{"line":82,"column":3}},{"start":{},"end":{}}],"line":78},"13":{"loc":{"start":{"line":96,"column":2},"end":{"line":98,"column":3}},"type":"if","locations":[{"start":{"line":96,"column":2},"end":{"line":98,"column":3}},{"start":{},"end":{}}],"line":96},"14":{"loc":{"start":{"line":101,"column":2},"end":{"line":103,"column":3}},"type":"if","locations":[{"start":{"line":101,"column":2},"end":{"line":103,"column":3}},{"start":{},"end":{}}],"line":101},"15":{"loc":{"start":{"line":101,"column":6},"end":{"line":101,"column":60}},"type":"binary-expr","locations":[{"start":{"line":101,"column":6},"end":{"line":101,"column":15}},{"start":{"line":101,"column":19},"end":{"line":101,"column":31}},{"start":{"line":101,"column":35},"end":{"line":101,"column":45}},{"start":{"line":101,"column":49},"end":{"line":101,"column":60}}],"line":101},"16":{"loc":{"start":{"line":116,"column":4},"end":{"line":118,"column":5}},"type":"if","locations":[{"start":{"line":116,"column":4},"end":{"line":118,"column":5}},{"start":{},"end":{}}],"line":116}},"s":{"0":1,"1":1,"2":1,"3":1,"4":4,"5":4,"6":32,"7":4,"8":2,"9":2,"10":2,"11":2,"12":1,"13":1,"14":1,"15":8,"16":8,"17":8,"18":1,"19":7,"20":1,"21":6,"22":6,"23":6,"24":1,"25":6,"26":1,"27":6,"28":6,"29":6,"30":6,"31":5,"32":1,"33":4,"34":2,"35":1,"36":1,"37":1},"f":{"0":4,"1":32,"2":8},"b":{"0":[2,2],"1":[0,2],"2":[1,0],"3":[5],"4":[8],"5":[8],"6":[7],"7":[7],"8":[8],"9":[8],"10":[8],"11":[1,7],"12":[1,6],"13":[1,5],"14":[1,5],"15":[6,5,5,5],"16":[1,4]},"_coverageSchema":"1a1c01bbd47fc00a2c39e90264f33305004495a9","hash":"ab7e8a27987d59c8cdd5d6e7b6431fc93fce0f62"}
,"/app/lib/template.js": {"path":"/app/lib/template.js","statementMap":{"0":{"start":{"line":2,"column":14},"end":{"line":8,"column":3}},"1":{"start":{"line":9,"column":2},"end":{"line":9,"column":49}},"2":{"start":{"line":9,"column":41},"end":{"line":9,"column":47}},"3":{"start":{"line":13,"column":17},"end":{"line":13,"column":33}},"4":{"start":{"line":16,"column":16},"end":{"line":16,"column":55}},"5":{"start":{"line":20,"column":18},"end":{"line":20,"column":34}},"6":{"start":{"line":21,"column":21},"end":{"line":21,"column":39}},"7":{"start":{"line":22,"column":24},"end":{"line":22,"column":47}},"8":{"start":{"line":23,"column":21},"end":{"line":23,"column":43}},"9":{"start":{"line":25,"column":2},"end":{"line":285,"column":12}},"10":{"start":{"line":301,"column":6},"end":{"line":301,"column":13}},"11":{"start":{"line":303,"column":23},"end":{"line":303,"column":60}},"12":{"start":{"line":305,"column":2},"end":{"line":374,"column":9}},"13":{"start":{"line":377,"column":0},"end":{"line":380,"column":2}}},"fnMap":{"0":{"name":"escapeHtml","decl":{"start":{"line":1,"column":9},"end":{"line":1,"column":19}},"loc":{"start":{"line":1,"column":26},"end":{"line":10,"column":1}},"line":1},"1":{"name":"(anonymous_1)","decl":{"start":{"line":9,"column":34},"end":{"line":9,"column":35}},"loc":{"start":{"line":9,"column":41},"end":{"line":9,"column":47}},"line":9},"2":{"name":"getStyles","decl":{"start":{"line":12,"column":9},"end":{"line":12,"column":18}},"loc":{"start":{"line":12,"column":56},"end":{"line":286,"column":1}},"line":12},"3":{"name":"getHtmlTemplate","decl":{"start":{"line":294,"column":9},"end":{"line":294,"column":24}},"loc":{"start":{"line":294,"column":48},"end":{"line":375,"column":1}},"line":294}},"branchMap":{"0":{"loc":{"start":{"line":12,"column":19},"end":{"line":12,"column":36}},"type":"default-arg","locations":[{"start":{"line":12,"column":27},"end":{"line":12,"column":36}}],"line":12},"1":{"loc":{"start":{"line":12,"column":38},"end":{"line":12,"column":54}},"type":"default-arg","locations":[{"start":{"line":12,"column":53},"end":{"line":12,"column":54}}],"line":12},"2":{"loc":{"start":{"line":27,"column":25},"end":{"line":27,"column":55}},"type":"cond-expr","locations":[{"start":{"line":27,"column":34},"end":{"line":27,"column":43}},{"start":{"line":27,"column":46},"end":{"line":27,"column":55}}],"line":27},"3":{"loc":{"start":{"line":28,"column":27},"end":{"line":28,"column":57}},"type":"cond-expr","locations":[{"start":{"line":28,"column":36},"end":{"line":28,"column":45}},{"start":{"line":28,"column":48},"end":{"line":28,"column":57}}],"line":28},"4":{"loc":{"start":{"line":29,"column":25},"end":{"line":29,"column":55}},"type":"cond-expr","locations":[{"start":{"line":29,"column":34},"end":{"line":29,"column":43}},{"start":{"line":29,"column":46},"end":{"line":29,"column":55}}],"line":29},"5":{"loc":{"start":{"line":30,"column":25},"end":{"line":30,"column":55}},"type":"cond-expr","locations":[{"start":{"line":30,"column":34},"end":{"line":30,"column":43}},{"start":{"line":30,"column":46},"end":{"line":30,"column":55}}],"line":30},"6":{"loc":{"start":{"line":31,"column":24},"end":{"line":31,"column":54}},"type":"cond-expr","locations":[{"start":{"line":31,"column":33},"end":{"line":31,"column":42}},{"start":{"line":31,"column":45},"end":{"line":31,"column":54}}],"line":31},"7":{"loc":{"start":{"line":32,"column":20},"end":{"line":32,"column":50}},"type":"cond-expr","locations":[{"start":{"line":32,"column":29},"end":{"line":32,"column":38}},{"start":{"line":32,"column":41},"end":{"line":32,"column":50}}],"line":32},"8":{"loc":{"start":{"line":33,"column":24},"end":{"line":33,"column":54}},"type":"cond-expr","locations":[{"start":{"line":33,"column":33},"end":{"line":33,"column":42}},{"start":{"line":33,"column":45},"end":{"line":33,"column":54}}],"line":33},"9":{"loc":{"start":{"line":34,"column":24},"end":{"line":34,"column":54}},"type":"cond-expr","locations":[{"start":{"line":34,"column":33},"end":{"line":34,"column":42}},{"start":{"line":34,"column":45},"end":{"line":34,"column":54}}],"line":34},"10":{"loc":{"start":{"line":35,"column":22},"end":{"line":35,"column":52}},"type":"cond-expr","locations":[{"start":{"line":35,"column":31},"end":{"line":35,"column":40}},{"start":{"line":35,"column":43},"end":{"line":35,"column":52}}],"line":35},"11":{"loc":{"start":{"line":36,"column":28},"end":{"line":36,"column":58}},"type":"cond-expr","locations":[{"start":{"line":36,"column":37},"end":{"line":36,"column":46}},{"start":{"line":36,"column":49},"end":{"line":36,"column":58}}],"line":36},"12":{"loc":{"start":{"line":252,"column":20},"end":{"line":252,"column":50}},"type":"cond-expr","locations":[{"start":{"line":252,"column":29},"end":{"line":252,"column":38}},{"start":{"line":252,"column":41},"end":{"line":252,"column":50}}],"line":252},"13":{"loc":{"start":{"line":276,"column":20},"end":{"line":276,"column":50}},"type":"cond-expr","locations":[{"start":{"line":276,"column":29},"end":{"line":276,"column":38}},{"start":{"line":276,"column":41},"end":{"line":276,"column":50}}],"line":276},"14":{"loc":{"start":{"line":280,"column":29},"end":{"line":280,"column":59}},"type":"cond-expr","locations":[{"start":{"line":280,"column":38},"end":{"line":280,"column":47}},{"start":{"line":280,"column":50},"end":{"line":280,"column":59}}],"line":280},"15":{"loc":{"start":{"line":281,"column":28},"end":{"line":281,"column":58}},"type":"cond-expr","locations":[{"start":{"line":281,"column":37},"end":{"line":281,"column":46}},{"start":{"line":281,"column":49},"end":{"line":281,"column":58}}],"line":281},"16":{"loc":{"start":{"line":282,"column":29},"end":{"line":282,"column":59}},"type":"cond-expr","locations":[{"start":{"line":282,"column":38},"end":{"line":282,"column":47}},{"start":{"line":282,"column":50},"end":{"line":282,"column":59}}],"line":282},"17":{"loc":{"start":{"line":283,"column":30},"end":{"line":283,"column":60}},"type":"cond-expr","locations":[{"start":{"line":283,"column":39},"end":{"line":283,"column":48}},{"start":{"line":283,"column":51},"end":{"line":283,"column":60}}],"line":283},"18":{"loc":{"start":{"line":284,"column":28},"end":{"line":284,"column":58}},"type":"cond-expr","locations":[{"start":{"line":284,"column":37},"end":{"line":284,"column":46}},{"start":{"line":284,"column":49},"end":{"line":284,"column":58}}],"line":284},"19":{"loc":{"start":{"line":294,"column":34},"end":{"line":294,"column":46}},"type":"default-arg","locations":[{"start":{"line":294,"column":44},"end":{"line":294,"column":46}}],"line":294},"20":{"loc":{"start":{"line":296,"column":4},"end":{"line":296,"column":22}},"type":"default-arg","locations":[{"start":{"line":296,"column":12},"end":{"line":296,"column":22}}],"line":296},"21":{"loc":{"start":{"line":297,"column":4},"end":{"line":297,"column":21}},"type":"default-arg","locations":[{"start":{"line":297,"column":12},"end":{"line":297,"column":21}}],"line":297},"22":{"loc":{"start":{"line":298,"column":4},"end":{"line":298,"column":24}},"type":"default-arg","locations":[{"start":{"line":298,"column":20},"end":{"line":298,"column":24}}],"line":298},"23":{"loc":{"start":{"line":299,"column":4},"end":{"line":299,"column":29}},"type":"default-arg","locations":[{"start":{"line":299,"column":25},"end":{"line":299,"column":29}}],"line":299},"24":{"loc":{"start":{"line":300,"column":4},"end":{"line":300,"column":20}},"type":"default-arg","locations":[{"start":{"line":300,"column":19},"end":{"line":300,"column":20}}],"line":300},"25":{"loc":{"start":{"line":303,"column":23},"end":{"line":303,"column":60}},"type":"cond-expr","locations":[{"start":{"line":303,"column":42},"end":{"line":303,"column":48}},{"start":{"line":303,"column":51},"end":{"line":303,"column":60}}],"line":303},"26":{"loc":{"start":{"line":327,"column":4},"end":{"line":327,"column":55}},"type":"cond-expr","locations":[{"start":{"line":327,"column":20},"end":{"line":327,"column":50}},{"start":{"line":327,"column":53},"end":{"line":327,"column":55}}],"line":327},"27":{"loc":{"start":{"line":331,"column":4},"end":{"line":333,"column":10}},"type":"cond-expr","locations":[{"start":{"line":332,"column":8},"end":{"line":332,"column":96}},{"start":{"line":333,"column":8},"end":{"line":333,"column":10}}],"line":331}},"s":{"0":40,"1":40,"2":9,"3":61,"4":61,"5":61,"6":61,"7":61,"8":61,"9":61,"10":40,"11":40,"12":40,"13":2},"f":{"0":40,"1":9,"2":61,"3":40},"b":{"0":[16],"1":[18],"2":[4,57],"3":[4,57],"4":[4,57],"5":[4,57],"6":[4,57],"7":[4,57],"8":[4,57],"9":[4,57],"10":[4,57],"11":[4,57],"12":[4,57],"13":[4,57],"14":[4,57],"15":[4,57],"16":[4,57],"17":[4,57],"18":[4,57],"19":[10],"20":[14],"21":[14],"22":[15],"23":[15],"24":[16],"25":[3,37],"26":[38,2],"27":[38,2]},"_coverageSchema":"1a1c01bbd47fc00a2c39e90264f33305004495a9","hash":"7ca1ae81b90a05852f7b19ec311a685a2474955d"}
}
