{"/app/lib/converter.js": {"path":"/app/lib/converter.js","statementMap":{"0":{"start":{"line":1,"column":11},"end":{"line":1,"column":24}},"1":{"start":{"line":2,"column":13},"end":{"line":2,"column":28}},"2":{"start":{"line":3,"column":19},"end":{"line":3,"column":36}},"3":{"start":{"line":4,"column":28},"end":{"line":4,"column":49}},"4":{"start":{"line":19,"column":6},"end":{"line":19,"column":13}},"5":{"start":{"line":22,"column":2},"end":{"line":29,"column":5}},"6":{"start":{"line":32,"column":20},"end":{"line":32,"column":42}},"7":{"start":{"line":36,"column":2},"end":{"line":39,"column":4}},"8":{"start":{"line":42,"column":2},"end":{"line":48,"column":5}},"9":{"start":{"line":58,"column":2},"end":{"line":60,"column":3}},"10":{"start":{"line":59,"column":4},"end":{"line":59,"column":58}},"11":{"start":{"line":62,"column":19},"end":{"line":62,"column":53}},"12":{"start":{"line":65,"column":2},"end":{"line":71,"column":3}},"13":{"start":{"line":66,"column":21},"end":{"line":66,"column":52}},"14":{"start":{"line":67,"column":4},"end":{"line":70,"column":17}},"15":{"start":{"line":69,"column":21},"end":{"line":69,"column":65}},"16":{"start":{"line":73,"column":15},"end":{"line":73,"column":48}},"17":{"start":{"line":75,"column":2},"end":{"line":75,"column":45}},"18":{"start":{"line":77,"column":2},"end":{"line":77,"column":20}},"19":{"start":{"line":80,"column":0},"end":{"line":83,"column":2}}},"fnMap":{"0":{"name":"markdownToHtml","decl":{"start":{"line":12,"column":9},"end":{"line":12,"column":23}},"loc":{"start":{"line":12,"column":48},"end":{"line":49,"column":1}},"line":12},"1":{"name":"convertMarkdownFile","decl":{"start":{"line":57,"column":9},"end":{"line":57,"column":28}},"loc":{"start":{"line":57,"column":66},"end":{"line":78,"column":1}},"line":57},"2":{"name":"(anonymous_2)","decl":{"start":{"line":69,"column":11},"end":{"line":69,"column":12}},"loc":{"start":{"line":69,"column":21},"end":{"line":69,"column":65}},"line":69}},"branchMap":{"0":{"loc":{"start":{"line":12,"column":34},"end":{"line":12,"column":46}},"type":"default-arg","locations":[{"start":{"line":12,"column":44},"end":{"line":12,"column":46}}],"line":12},"1":{"loc":{"start":{"line":14,"column":4},"end":{"line":14,"column":22}},"type":"default-arg","locations":[{"start":{"line":14,"column":12},"end":{"line":14,"column":22}}],"line":14},"2":{"loc":{"start":{"line":15,"column":4},"end":{"line":15,"column":21}},"type":"default-arg","locations":[{"start":{"line":15,"column":12},"end":{"line":15,"column":21}}],"line":15},"3":{"loc":{"start":{"line":16,"column":4},"end":{"line":16,"column":24}},"type":"default-arg","locations":[{"start":{"line":16,"column":20},"end":{"line":16,"column":24}}],"line":16},"4":{"loc":{"start":{"line":17,"column":4},"end":{"line":17,"column":29}},"type":"default-arg","locations":[{"start":{"line":17,"column":25},"end":{"line":17,"column":29}}],"line":17},"5":{"loc":{"start":{"line":18,"column":4},"end":{"line":18,"column":20}},"type":"default-arg","locations":[{"start":{"line":18,"column":19},"end":{"line":18,"column":20}}],"line":18},"6":{"loc":{"start":{"line":57,"column":52},"end":{"line":57,"column":64}},"type":"default-arg","locations":[{"start":{"line":57,"column":62},"end":{"line":57,"column":64}}],"line":57},"7":{"loc":{"start":{"line":58,"column":2},"end":{"line":60,"column":3}},"type":"if","locations":[{"start":{"line":58,"column":2},"end":{"line":60,"column":3}},{"start":{},"end":{}}],"line":58},"8":{"loc":{"start":{"line":65,"column":2},"end":{"line":71,"column":3}},"type":"if","locations":[{"start":{"line":65,"column":2},"end":{"line":71,"column":3}},{"start":{},"end":{}}],"line":65}},"s":{"0":1,"1":1,"2":1,"3":1,"4":24,"5":24,"6":24,"7":24,"8":24,"9":5,"10":1,"11":4,"12":4,"13":3,"14":3,"15":5,"16":4,"17":4,"18":4,"19":1},"f":{"0":24,"1":5,"2":5},"b":{"0":[11],"1":[18],"2":[21],"3":[23],"4":[23],"5":[20],"6":[3],"7":[1,4],"8":[3,1]},"_coverageSchema":"1a1c01bbd47fc00a2c39e90264f33305004495a9","hash":"ded1593289307a66eaac6330e435edee5f20a057"}
,"/app/lib/index.js": {"path":"/app/lib/index.js","statementMap":{"0":{"start":{"line":1,"column":48},"end":{"line":1,"column":70}},"1":{"start":{"line":2,"column":34},"end":{"line":2,"column":63}},"2":{"start":{"line":3,"column":28},"end":{"line":3,"column":49}},"3":{"start":{"line":5,"column":0},"end":{"line":16,"column":2}}},"fnMap":{},"branchMap":{},"s":{"0":0,"1":0,"2":0,"3":0},"f":{},"b":{}}
,"/app/lib/pdf-generator.js": {"path":"/app/lib/pdf-generator.js","statementMap":{"0":{"start":{"line":1,"column":11},"end":{"line":1,"column":24}},"1":{"start":{"line":2,"column":13},"end":{"line":2,"column":28}},"2":{"start":{"line":3,"column":21},"end":{"line":3,"column":45}},"3":{"start":{"line":5,"column":21},"end":{"line":5,"column":23}},"4":{"start":{"line":12,"column":24},"end":{"line":26,"column":19}},"5":{"start":{"line":28,"column":2},"end":{"line":32,"column":3}},"6":{"start":{"line":29,"column":4},"end":{"line":31,"column":5}},"7":{"start":{"line":30,"column":6},"end":{"line":30,"column":24}},"8":{"start":{"line":35,"column":2},"end":{"line":49,"column":3}},"9":{"start":{"line":36,"column":18},"end":{"line":36,"column":66}},"10":{"start":{"line":37,"column":19},"end":{"line":42,"column":12}},"11":{"start":{"line":44,"column":4},"end":{"line":46,"column":5}},"12":{"start":{"line":45,"column":6},"end":{"line":45,"column":35}},"13":{"start":{"line":51,"column":2},"end":{"line":51,"column":14}},"14":{"start":{"line":69,"column":6},"end":{"line":69,"column":13}},"15":{"start":{"line":71,"column":28},"end":{"line":71,"column":51}},"16":{"start":{"line":73,"column":2},"end":{"line":75,"column":3}},"17":{"start":{"line":74,"column":4},"end":{"line":74,"column":66}},"18":{"start":{"line":77,"column":2},"end":{"line":81,"column":3}},"19":{"start":{"line":78,"column":4},"end":{"line":80,"column":6}},"20":{"start":{"line":83,"column":29},"end":{"line":83,"column":53}},"21":{"start":{"line":86,"column":15},"end":{"line":93,"column":3}},"22":{"start":{"line":95,"column":2},"end":{"line":97,"column":3}},"23":{"start":{"line":96,"column":4},"end":{"line":96,"column":29}},"24":{"start":{"line":100,"column":2},"end":{"line":102,"column":3}},"25":{"start":{"line":101,"column":4},"end":{"line":101,"column":42}},"26":{"start":{"line":105,"column":2},"end":{"line":105,"column":45}},"27":{"start":{"line":108,"column":18},"end":{"line":110,"column":5}},"28":{"start":{"line":112,"column":2},"end":{"line":122,"column":3}},"29":{"start":{"line":113,"column":4},"end":{"line":113,"column":57}},"30":{"start":{"line":115,"column":4},"end":{"line":117,"column":5}},"31":{"start":{"line":116,"column":6},"end":{"line":116,"column":45}},"32":{"start":{"line":119,"column":4},"end":{"line":119,"column":30}},"33":{"start":{"line":121,"column":4},"end":{"line":121,"column":64}},"34":{"start":{"line":125,"column":0},"end":{"line":125,"column":37}},"35":{"start":{"line":126,"column":0},"end":{"line":126,"column":35}},"36":{"start":{"line":128,"column":0},"end":{"line":128,"column":30}}},"fnMap":{"0":{"name":"findChrome","decl":{"start":{"line":11,"column":9},"end":{"line":11,"column":19}},"loc":{"start":{"line":11,"column":22},"end":{"line":52,"column":1}},"line":11},"1":{"name":"htmlToPdf","decl":{"start":{"line":60,"column":9},"end":{"line":60,"column":18}},"loc":{"start":{"line":60,"column":56},"end":{"line":123,"column":1}},"line":60}},"branchMap":{"0":{"loc":{"start":{"line":29,"column":4},"end":{"line":31,"column":5}},"type":"if","locations":[{"start":{"line":29,"column":4},"end":{"line":31,"column":5}},{"start":{},"end":{}}],"line":29},"1":{"loc":{"start":{"line":36,"column":18},"end":{"line":36,"column":66}},"type":"cond-expr","locations":[{"start":{"line":36,"column":49},"end":{"line":36,"column":56}},{"start":{"line":36,"column":59},"end":{"line":36,"column":66}}],"line":36},"2":{"loc":{"start":{"line":44,"column":4},"end":{"line":46,"column":5}},"type":"if","locations":[{"start":{"line":44,"column":4},"end":{"line":46,"column":5}},{"start":{},"end":{}}],"line":44},"3":{"loc":{"start":{"line":60,"column":42},"end":{"line":60,"column":54}},"type":"default-arg","locations":[{"start":{"line":60,"column":52},"end":{"line":60,"column":54}}],"line":60},"4":{"loc":{"start":{"line":62,"column":4},"end":{"line":62,"column":42}},"type":"default-arg","locations":[{"start":{"line":62,"column":17},"end":{"line":62,"column":42}}],"line":62},"5":{"loc":{"start":{"line":63,"column":4},"end":{"line":63,"column":19}},"type":"default-arg","locations":[{"start":{"line":63,"column":15},"end":{"line":63,"column":19}}],"line":63},"6":{"loc":{"start":{"line":64,"column":4},"end":{"line":64,"column":21}},"type":"default-arg","locations":[{"start":{"line":64,"column":16},"end":{"line":64,"column":21}}],"line":64},"7":{"loc":{"start":{"line":65,"column":4},"end":{"line":65,"column":17}},"type":"default-arg","locations":[{"start":{"line":65,"column":16},"end":{"line":65,"column":17}}],"line":65},"8":{"loc":{"start":{"line":66,"column":4},"end":{"line":66,"column":20}},"type":"default-arg","locations":[{"start":{"line":66,"column":19},"end":{"line":66,"column":20}}],"line":66},"9":{"loc":{"start":{"line":67,"column":4},"end":{"line":67,"column":18}},"type":"default-arg","locations":[{"start":{"line":67,"column":17},"end":{"line":67,"column":18}}],"line":67},"10":{"loc":{"start":{"line":68,"column":4},"end":{"line":68,"column":19}},"type":"default-arg","locations":[{"start":{"line":68,"column":18},"end":{"line":68,"column":19}}],"line":68},"11":{"loc":{"start":{"line":73,"column":2},"end":{"line":75,"column":3}},"type":"if","locations":[{"start":{"line":73,"column":2},"end":{"line":75,"column":3}},{"start":{},"end":{}}],"line":73},"12":{"loc":{"start":{"line":77,"column":2},"end":{"line":81,"column":3}},"type":"if","locations":[{"start":{"line":77,"column":2},"end":{"line":81,"column":3}},{"start":{},"end":{}}],"line":77},"13":{"loc":{"start":{"line":95,"column":2},"end":{"line":97,"column":3}},"type":"if","locations":[{"start":{"line":95,"column":2},"end":{"line":97,"column":3}},{"start":{},"end":{}}],"line":95},"14":{"loc":{"start":{"line":100,"column":2},"end":{"line":102,"column":3}},"type":"if","locations":[{"start":{"line":100,"column":2},"end":{"line":102,"column":3}},{"start":{},"end":{}}],"line":100},"15":{"loc":{"start":{"line":100,"column":6},"end":{"line":100,"column":60}},"type":"binary-expr","locations":[{"start":{"line":100,"column":6},"end":{"line":100,"column":15}},{"start":{"line":100,"column":19},"end":{"line":100,"column":31}},{"start":{"line":100,"column":35},"end":{"line":100,"column":45}},{"start":{"line":100,"column":49},"end":{"line":100,"column":60}}],"line":100},"16":{"loc":{"start":{"line":115,"column":4},"end":{"line":117,"column":5}},"type":"if","locations":[{"start":{"line":115,"column":4},"end":{"line":117,"column":5}},{"start":{},"end":{}}],"line":115}},"s":{"0":1,"1":1,"2":1,"3":1,"4":4,"5":4,"6":32,"7":2,"8":2,"9":2,"10":2,"11":1,"12":1,"13":1,"14":7,"15":7,"16":7,"17":1,"18":6,"19":1,"20":5,"21":5,"22":5,"23":1,"24":5,"25":0,"26":5,"27":5,"28":5,"29":5,"30":4,"31":1,"32":3,"33":2,"34":1,"35":1,"36":1},"f":{"0":4,"1":7},"b":{"0":[2,30],"1":[0,2],"2":[1,0],"3":[5],"4":[7],"5":[7],"6":[6],"7":[7],"8":[7],"9":[7],"10":[7],"11":[1,6],"12":[1,5],"13":[1,4],"14":[0,5],"15":[5,5,5,5],"16":[1,3]},"_coverageSchema":"1a1c01bbd47fc00a2c39e90264f33305004495a9","hash":"46422427cbbbff5189aa660320089ae0c94dcf3f"}
,"/app/lib/template.js": {"path":"/app/lib/template.js","statementMap":{"0":{"start":{"line":14,"column":6},"end":{"line":14,"column":13}},"1":{"start":{"line":16,"column":23},"end":{"line":16,"column":60}},"2":{"start":{"line":18,"column":2},"end":{"line":87,"column":9}},"3":{"start":{"line":91,"column":17},"end":{"line":91,"column":33}},"4":{"start":{"line":94,"column":16},"end":{"line":94,"column":55}},"5":{"start":{"line":98,"column":18},"end":{"line":98,"column":34}},"6":{"start":{"line":99,"column":21},"end":{"line":99,"column":39}},"7":{"start":{"line":100,"column":24},"end":{"line":100,"column":47}},"8":{"start":{"line":101,"column":21},"end":{"line":101,"column":43}},"9":{"start":{"line":103,"column":2},"end":{"line":363,"column":12}},"10":{"start":{"line":367,"column":14},"end":{"line":373,"column":3}},"11":{"start":{"line":374,"column":2},"end":{"line":374,"column":49}},"12":{"start":{"line":374,"column":41},"end":{"line":374,"column":47}},"13":{"start":{"line":377,"column":0},"end":{"line":380,"column":2}}},"fnMap":{"0":{"name":"getHtmlTemplate","decl":{"start":{"line":7,"column":9},"end":{"line":7,"column":24}},"loc":{"start":{"line":7,"column":48},"end":{"line":88,"column":1}},"line":7},"1":{"name":"getStyles","decl":{"start":{"line":90,"column":9},"end":{"line":90,"column":18}},"loc":{"start":{"line":90,"column":56},"end":{"line":364,"column":1}},"line":90},"2":{"name":"escapeHtml","decl":{"start":{"line":366,"column":9},"end":{"line":366,"column":19}},"loc":{"start":{"line":366,"column":26},"end":{"line":375,"column":1}},"line":366},"3":{"name":"(anonymous_3)","decl":{"start":{"line":374,"column":34},"end":{"line":374,"column":35}},"loc":{"start":{"line":374,"column":41},"end":{"line":374,"column":47}},"line":374}},"branchMap":{"0":{"loc":{"start":{"line":7,"column":34},"end":{"line":7,"column":46}},"type":"default-arg","locations":[{"start":{"line":7,"column":44},"end":{"line":7,"column":46}}],"line":7},"1":{"loc":{"start":{"line":9,"column":4},"end":{"line":9,"column":22}},"type":"default-arg","locations":[{"start":{"line":9,"column":12},"end":{"line":9,"column":22}}],"line":9},"2":{"loc":{"start":{"line":10,"column":4},"end":{"line":10,"column":21}},"type":"default-arg","locations":[{"start":{"line":10,"column":12},"end":{"line":10,"column":21}}],"line":10},"3":{"loc":{"start":{"line":11,"column":4},"end":{"line":11,"column":24}},"type":"default-arg","locations":[{"start":{"line":11,"column":20},"end":{"line":11,"column":24}}],"line":11},"4":{"loc":{"start":{"line":12,"column":4},"end":{"line":12,"column":29}},"type":"default-arg","locations":[{"start":{"line":12,"column":25},"end":{"line":12,"column":29}}],"line":12},"5":{"loc":{"start":{"line":13,"column":4},"end":{"line":13,"column":20}},"type":"default-arg","locations":[{"start":{"line":13,"column":19},"end":{"line":13,"column":20}}],"line":13},"6":{"loc":{"start":{"line":16,"column":23},"end":{"line":16,"column":60}},"type":"cond-expr","locations":[{"start":{"line":16,"column":42},"end":{"line":16,"column":48}},{"start":{"line":16,"column":51},"end":{"line":16,"column":60}}],"line":16},"7":{"loc":{"start":{"line":40,"column":4},"end":{"line":40,"column":55}},"type":"cond-expr","locations":[{"start":{"line":40,"column":20},"end":{"line":40,"column":50}},{"start":{"line":40,"column":53},"end":{"line":40,"column":55}}],"line":40},"8":{"loc":{"start":{"line":44,"column":4},"end":{"line":46,"column":10}},"type":"cond-expr","locations":[{"start":{"line":45,"column":8},"end":{"line":45,"column":96}},{"start":{"line":46,"column":8},"end":{"line":46,"column":10}}],"line":44},"9":{"loc":{"start":{"line":90,"column":19},"end":{"line":90,"column":36}},"type":"default-arg","locations":[{"start":{"line":90,"column":27},"end":{"line":90,"column":36}}],"line":90},"10":{"loc":{"start":{"line":90,"column":38},"end":{"line":90,"column":54}},"type":"default-arg","locations":[{"start":{"line":90,"column":53},"end":{"line":90,"column":54}}],"line":90},"11":{"loc":{"start":{"line":105,"column":25},"end":{"line":105,"column":55}},"type":"cond-expr","locations":[{"start":{"line":105,"column":34},"end":{"line":105,"column":43}},{"start":{"line":105,"column":46},"end":{"line":105,"column":55}}],"line":105},"12":{"loc":{"start":{"line":106,"column":27},"end":{"line":106,"column":57}},"type":"cond-expr","locations":[{"start":{"line":106,"column":36},"end":{"line":106,"column":45}},{"start":{"line":106,"column":48},"end":{"line":106,"column":57}}],"line":106},"13":{"loc":{"start":{"line":107,"column":25},"end":{"line":107,"column":55}},"type":"cond-expr","locations":[{"start":{"line":107,"column":34},"end":{"line":107,"column":43}},{"start":{"line":107,"column":46},"end":{"line":107,"column":55}}],"line":107},"14":{"loc":{"start":{"line":108,"column":25},"end":{"line":108,"column":55}},"type":"cond-expr","locations":[{"start":{"line":108,"column":34},"end":{"line":108,"column":43}},{"start":{"line":108,"column":46},"end":{"line":108,"column":55}}],"line":108},"15":{"loc":{"start":{"line":109,"column":24},"end":{"line":109,"column":54}},"type":"cond-expr","locations":[{"start":{"line":109,"column":33},"end":{"line":109,"column":42}},{"start":{"line":109,"column":45},"end":{"line":109,"column":54}}],"line":109},"16":{"loc":{"start":{"line":110,"column":20},"end":{"line":110,"column":50}},"type":"cond-expr","locations":[{"start":{"line":110,"column":29},"end":{"line":110,"column":38}},{"start":{"line":110,"column":41},"end":{"line":110,"column":50}}],"line":110},"17":{"loc":{"start":{"line":111,"column":24},"end":{"line":111,"column":54}},"type":"cond-expr","locations":[{"start":{"line":111,"column":33},"end":{"line":111,"column":42}},{"start":{"line":111,"column":45},"end":{"line":111,"column":54}}],"line":111},"18":{"loc":{"start":{"line":112,"column":24},"end":{"line":112,"column":54}},"type":"cond-expr","locations":[{"start":{"line":112,"column":33},"end":{"line":112,"column":42}},{"start":{"line":112,"column":45},"end":{"line":112,"column":54}}],"line":112},"19":{"loc":{"start":{"line":113,"column":22},"end":{"line":113,"column":52}},"type":"cond-expr","locations":[{"start":{"line":113,"column":31},"end":{"line":113,"column":40}},{"start":{"line":113,"column":43},"end":{"line":113,"column":52}}],"line":113},"20":{"loc":{"start":{"line":114,"column":28},"end":{"line":114,"column":58}},"type":"cond-expr","locations":[{"start":{"line":114,"column":37},"end":{"line":114,"column":46}},{"start":{"line":114,"column":49},"end":{"line":114,"column":58}}],"line":114},"21":{"loc":{"start":{"line":330,"column":20},"end":{"line":330,"column":50}},"type":"cond-expr","locations":[{"start":{"line":330,"column":29},"end":{"line":330,"column":38}},{"start":{"line":330,"column":41},"end":{"line":330,"column":50}}],"line":330},"22":{"loc":{"start":{"line":354,"column":20},"end":{"line":354,"column":50}},"type":"cond-expr","locations":[{"start":{"line":354,"column":29},"end":{"line":354,"column":38}},{"start":{"line":354,"column":41},"end":{"line":354,"column":50}}],"line":354},"23":{"loc":{"start":{"line":358,"column":29},"end":{"line":358,"column":59}},"type":"cond-expr","locations":[{"start":{"line":358,"column":38},"end":{"line":358,"column":47}},{"start":{"line":358,"column":50},"end":{"line":358,"column":59}}],"line":358},"24":{"loc":{"start":{"line":359,"column":28},"end":{"line":359,"column":58}},"type":"cond-expr","locations":[{"start":{"line":359,"column":37},"end":{"line":359,"column":46}},{"start":{"line":359,"column":49},"end":{"line":359,"column":58}}],"line":359},"25":{"loc":{"start":{"line":360,"column":29},"end":{"line":360,"column":59}},"type":"cond-expr","locations":[{"start":{"line":360,"column":38},"end":{"line":360,"column":47}},{"start":{"line":360,"column":50},"end":{"line":360,"column":59}}],"line":360},"26":{"loc":{"start":{"line":361,"column":30},"end":{"line":361,"column":60}},"type":"cond-expr","locations":[{"start":{"line":361,"column":39},"end":{"line":361,"column":48}},{"start":{"line":361,"column":51},"end":{"line":361,"column":60}}],"line":361},"27":{"loc":{"start":{"line":362,"column":28},"end":{"line":362,"column":58}},"type":"cond-expr","locations":[{"start":{"line":362,"column":37},"end":{"line":362,"column":46}},{"start":{"line":362,"column":49},"end":{"line":362,"column":58}}],"line":362}},"s":{"0":40,"1":40,"2":40,"3":61,"4":61,"5":61,"6":61,"7":61,"8":61,"9":61,"10":40,"11":40,"12":9,"13":2},"f":{"0":40,"1":61,"2":40,"3":9},"b":{"0":[10],"1":[14],"2":[14],"3":[15],"4":[15],"5":[16],"6":[3,37],"7":[38,2],"8":[38,2],"9":[16],"10":[18],"11":[4,57],"12":[4,57],"13":[4,57],"14":[4,57],"15":[4,57],"16":[4,57],"17":[4,57],"18":[4,57],"19":[4,57],"20":[4,57],"21":[4,57],"22":[4,57],"23":[4,57],"24":[4,57],"25":[4,57],"26":[4,57],"27":[4,57]},"_coverageSchema":"1a1c01bbd47fc00a2c39e90264f33305004495a9","hash":"4609ed62ccf2842f12d148581f3d769f2c0768e3"}
}
