TN:
SF:lib/converter.js
FN:12,markdownToHtml
FN:57,convertMarkdownFile
FN:69,(anonymous_2)
FNF:3
FNH:3
FNDA:24,markdownToHtml
FNDA:5,convertMarkdownFile
FNDA:5,(anonymous_2)
DA:1,1
DA:2,1
DA:3,1
DA:4,1
DA:19,24
DA:22,24
DA:32,24
DA:36,24
DA:42,24
DA:58,5
DA:59,1
DA:62,4
DA:65,4
DA:66,3
DA:67,3
DA:69,5
DA:73,4
DA:75,4
DA:77,4
DA:80,1
LF:20
LH:20
BRDA:12,0,0,11
BRDA:14,1,0,18
BRDA:15,2,0,21
BRDA:16,3,0,23
BRDA:17,4,0,23
BRDA:18,5,0,20
BRDA:57,6,0,3
BRDA:58,7,0,1
BRDA:58,7,1,4
BRDA:65,8,0,3
BRDA:65,8,1,1
BRF:11
BRH:11
end_of_record
TN:
SF:lib/index.js
FNF:0
FNH:0
DA:1,0
DA:2,0
DA:3,0
DA:5,0
LF:4
LH:0
BRF:0
BRH:0
end_of_record
TN:
SF:lib/pdf-generator.js
FN:11,findChrome
FN:60,htmlToPdf
FNF:2
FNH:2
FNDA:4,findChrome
FNDA:7,htmlToPdf
DA:1,1
DA:2,1
DA:3,1
DA:5,1
DA:12,4
DA:28,4
DA:29,32
DA:30,2
DA:35,2
DA:36,2
DA:37,2
DA:44,1
DA:45,1
DA:51,1
DA:69,7
DA:71,7
DA:73,7
DA:74,1
DA:77,6
DA:78,1
DA:83,5
DA:86,5
DA:95,5
DA:96,1
DA:100,5
DA:101,0
DA:105,5
DA:108,5
DA:112,5
DA:113,5
DA:115,4
DA:116,1
DA:119,3
DA:121,2
DA:125,1
DA:126,1
DA:128,1
LF:37
LH:36
BRDA:29,0,0,2
BRDA:29,0,1,30
BRDA:36,1,0,0
BRDA:36,1,1,2
BRDA:44,2,0,1
BRDA:44,2,1,0
BRDA:60,3,0,5
BRDA:62,4,0,7
BRDA:63,5,0,7
BRDA:64,6,0,6
BRDA:65,7,0,7
BRDA:66,8,0,7
BRDA:67,9,0,7
BRDA:68,10,0,7
BRDA:73,11,0,1
BRDA:73,11,1,6
BRDA:77,12,0,1
BRDA:77,12,1,5
BRDA:95,13,0,1
BRDA:95,13,1,4
BRDA:100,14,0,0
BRDA:100,14,1,5
BRDA:100,15,0,5
BRDA:100,15,1,5
BRDA:100,15,2,5
BRDA:100,15,3,5
BRDA:115,16,0,1
BRDA:115,16,1,3
BRF:28
BRH:25
end_of_record
TN:
SF:lib/template.js
FN:7,getHtmlTemplate
FN:90,getStyles
FN:366,escapeHtml
FN:374,(anonymous_3)
FNF:4
FNH:4
FNDA:40,getHtmlTemplate
FNDA:61,getStyles
FNDA:40,escapeHtml
FNDA:9,(anonymous_3)
DA:14,40
DA:16,40
DA:18,40
DA:91,61
DA:94,61
DA:98,61
DA:99,61
DA:100,61
DA:101,61
DA:103,61
DA:367,40
DA:374,40
DA:377,2
LF:13
LH:13
BRDA:7,0,0,10
BRDA:9,1,0,14
BRDA:10,2,0,14
BRDA:11,3,0,15
BRDA:12,4,0,15
BRDA:13,5,0,16
BRDA:16,6,0,3
BRDA:16,6,1,37
BRDA:40,7,0,38
BRDA:40,7,1,2
BRDA:44,8,0,38
BRDA:44,8,1,2
BRDA:90,9,0,16
BRDA:90,10,0,18
BRDA:105,11,0,4
BRDA:105,11,1,57
BRDA:106,12,0,4
BRDA:106,12,1,57
BRDA:107,13,0,4
BRDA:107,13,1,57
BRDA:108,14,0,4
BRDA:108,14,1,57
BRDA:109,15,0,4
BRDA:109,15,1,57
BRDA:110,16,0,4
BRDA:110,16,1,57
BRDA:111,17,0,4
BRDA:111,17,1,57
BRDA:112,18,0,4
BRDA:112,18,1,57
BRDA:113,19,0,4
BRDA:113,19,1,57
BRDA:114,20,0,4
BRDA:114,20,1,57
BRDA:330,21,0,4
BRDA:330,21,1,57
BRDA:354,22,0,4
BRDA:354,22,1,57
BRDA:358,23,0,4
BRDA:358,23,1,57
BRDA:359,24,0,4
BRDA:359,24,1,57
BRDA:360,25,0,4
BRDA:360,25,1,57
BRDA:361,26,0,4
BRDA:361,26,1,57
BRDA:362,27,0,4
BRDA:362,27,1,57
BRF:48
BRH:48
end_of_record
