TN:
SF:lib/converter.js
FN:12,markdownToHtml
FN:57,convertMarkdownFile
FN:70,(anonymous_2)
FNF:3
FNH:3
FNDA:24,markdownToHtml
FNDA:5,convertMarkdownFile
FNDA:5,(anonymous_2)
DA:1,1
DA:2,1
DA:3,1
DA:4,1
DA:19,24
DA:22,24
DA:32,24
DA:36,24
DA:42,24
DA:58,5
DA:59,1
DA:62,4
DA:63,4
DA:66,4
DA:67,3
DA:68,3
DA:70,5
DA:74,4
DA:76,4
DA:78,4
DA:81,1
LF:21
LH:21
BRDA:12,0,0,11
BRDA:14,1,0,18
BRDA:15,2,0,21
BRDA:16,3,0,23
BRDA:17,4,0,23
BRDA:18,5,0,20
BRDA:57,6,0,3
BRDA:58,7,0,1
BRDA:58,7,1,4
BRDA:66,8,0,3
BRDA:66,8,1,1
BRF:11
BRH:11
end_of_record
TN:
SF:lib/pdf-generator.js
FN:11,findChrome
FN:28,(anonymous_1)
FN:61,htmlToPdf
FNF:3
FNH:3
FNDA:4,findChrome
FNDA:32,(anonymous_1)
FNDA:8,htmlToPdf
DA:1,1
DA:2,1
DA:3,1
DA:5,1
DA:12,4
DA:28,4
DA:29,32
DA:31,4
DA:32,2
DA:36,2
DA:37,2
DA:38,2
DA:45,1
DA:46,1
DA:52,1
DA:70,8
DA:72,8
DA:74,8
DA:75,1
DA:78,7
DA:79,1
DA:84,6
DA:87,6
DA:96,6
DA:97,1
DA:101,6
DA:102,1
DA:106,6
DA:109,6
DA:113,6
DA:114,6
DA:116,5
DA:117,1
DA:120,4
DA:122,2
DA:126,1
DA:127,1
DA:129,1
LF:38
LH:38
BRDA:31,0,0,2
BRDA:31,0,1,2
BRDA:37,1,0,0
BRDA:37,1,1,2
BRDA:45,2,0,1
BRDA:45,2,1,0
BRDA:61,3,0,5
BRDA:63,4,0,8
BRDA:64,5,0,8
BRDA:65,6,0,7
BRDA:66,7,0,7
BRDA:67,8,0,8
BRDA:68,9,0,8
BRDA:69,10,0,8
BRDA:74,11,0,1
BRDA:74,11,1,7
BRDA:78,12,0,1
BRDA:78,12,1,6
BRDA:96,13,0,1
BRDA:96,13,1,5
BRDA:101,14,0,1
BRDA:101,14,1,5
BRDA:101,15,0,6
BRDA:101,15,1,5
BRDA:101,15,2,5
BRDA:101,15,3,5
BRDA:116,16,0,1
BRDA:116,16,1,4
BRF:28
BRH:26
end_of_record
TN:
SF:lib/template.js
FN:1,escapeHtml
FN:9,(anonymous_1)
FN:12,getStyles
FN:294,getHtmlTemplate
FNF:4
FNH:4
FNDA:40,escapeHtml
FNDA:9,(anonymous_1)
FNDA:61,getStyles
FNDA:40,getHtmlTemplate
DA:2,40
DA:9,40
DA:13,61
DA:16,61
DA:20,61
DA:21,61
DA:22,61
DA:23,61
DA:25,61
DA:301,40
DA:303,40
DA:305,40
DA:377,2
LF:13
LH:13
BRDA:12,0,0,16
BRDA:12,1,0,18
BRDA:27,2,0,4
BRDA:27,2,1,57
BRDA:28,3,0,4
BRDA:28,3,1,57
BRDA:29,4,0,4
BRDA:29,4,1,57
BRDA:30,5,0,4
BRDA:30,5,1,57
BRDA:31,6,0,4
BRDA:31,6,1,57
BRDA:32,7,0,4
BRDA:32,7,1,57
BRDA:33,8,0,4
BRDA:33,8,1,57
BRDA:34,9,0,4
BRDA:34,9,1,57
BRDA:35,10,0,4
BRDA:35,10,1,57
BRDA:36,11,0,4
BRDA:36,11,1,57
BRDA:252,12,0,4
BRDA:252,12,1,57
BRDA:276,13,0,4
BRDA:276,13,1,57
BRDA:280,14,0,4
BRDA:280,14,1,57
BRDA:281,15,0,4
BRDA:281,15,1,57
BRDA:282,16,0,4
BRDA:282,16,1,57
BRDA:283,17,0,4
BRDA:283,17,1,57
BRDA:284,18,0,4
BRDA:284,18,1,57
BRDA:294,19,0,10
BRDA:296,20,0,14
BRDA:297,21,0,14
BRDA:298,22,0,15
BRDA:299,23,0,15
BRDA:300,24,0,16
BRDA:303,25,0,3
BRDA:303,25,1,37
BRDA:327,26,0,38
BRDA:327,26,1,2
BRDA:331,27,0,38
BRDA:331,27,1,2
BRF:48
BRH:48
end_of_record
